2022-06-22 17:00:44,949 INFO org.springframework.boot.StartupInfoLogger [main] Starting PizzaProjectApplication using Java 17.0.3.1 on EN1311638 with PID 1956 (C:\Users\geniculae\Documents\Projects\PizzaProject\target\classes started by geniculae in C:\Users\geniculae\Documents\Projects\PizzaProject)
2022-06-22 17:00:44,952 INFO org.springframework.boot.SpringApplication [main] No active profile set, falling back to 1 default profile: "default"
2022-06-22 17:00:45,311 INFO org.springframework.data.repository.config.RepositoryConfigurationDelegate [main] Bootstrapping Spring Data JPA repositories in DEFAULT mode.
2022-06-22 17:00:45,357 INFO org.springframework.data.repository.config.RepositoryConfigurationDelegate [main] Finished Spring Data repository scanning in 56 ms. Found 10 JPA repository interfaces.
2022-06-22 17:00:45,593 INFO org.springframework.boot.web.embedded.tomcat.TomcatWebServer [main] Tomcat initialized with port(s): 8080 (http)
2022-06-22 17:00:45,608 INFO org.apache.juli.logging.DirectJDKLog [main] Initializing ProtocolHandler ["http-nio-8080"]
2022-06-22 17:00:45,608 INFO org.apache.juli.logging.DirectJDKLog [main] Starting service [Tomcat]
2022-06-22 17:00:45,608 INFO org.apache.juli.logging.DirectJDKLog [main] Starting Servlet engine: [Apache Tomcat/9.0.63]
2022-06-22 17:00:45,690 INFO org.apache.juli.logging.DirectJDKLog [main] Initializing Spring embedded WebApplicationContext
2022-06-22 17:00:45,690 INFO org.springframework.boot.web.servlet.context.ServletWebServerApplicationContext [main] Root WebApplicationContext: initialization completed in 717 ms
2022-06-22 17:00:45,791 INFO com.zaxxer.hikari.HikariDataSource [main] HikariPool-1 - Starting...
2022-06-22 17:00:45,938 INFO com.zaxxer.hikari.HikariDataSource [main] HikariPool-1 - Start completed.
2022-06-22 17:00:46,058 INFO liquibase.logging.core.JavaLogger [main] Successfully acquired change log lock
2022-06-22 17:00:46,308 INFO liquibase.logging.core.JavaLogger [main] Reading from pizza_project.DATABASECHANGELOG
2022-06-22 17:00:46,380 INFO liquibase.logging.core.JavaLogger [main] Successfully released change log lock
2022-06-22 17:00:46,826 INFO org.springframework.orm.jpa.AbstractEntityManagerFactoryBean [main] Initialized JPA EntityManagerFactory for persistence unit 'default'
2022-06-22 17:00:47,208 WARN org.springframework.boot.autoconfigure.orm.jpa.JpaBaseConfiguration$JpaWebConfiguration [main] spring.jpa.open-in-view is enabled by default. Therefore, database queries may be performed during view rendering. Explicitly configure spring.jpa.open-in-view to disable this warning
2022-06-22 17:00:47,260 DEBUG org.springframework.web.servlet.mvc.method.annotation.RequestMappingHandlerAdapter [main] ControllerAdvice beans: 0 @ModelAttribute, 0 @InitBinder, 1 RequestBodyAdvice, 1 ResponseBodyAdvice
2022-06-22 17:00:47,311 DEBUG org.springframework.web.servlet.handler.AbstractHandlerMethodMapping [main] 53 mappings in 'requestMappingHandlerMapping'
2022-06-22 17:00:47,320 DEBUG org.springframework.web.servlet.handler.SimpleUrlHandlerMapping [main] Patterns [/webjars/**, /**] in 'resourceHandlerMapping'
2022-06-22 17:00:47,325 DEBUG org.springframework.web.servlet.mvc.method.annotation.ExceptionHandlerExceptionResolver [main] ControllerAdvice beans: 1 @ExceptionHandler, 1 ResponseBodyAdvice
2022-06-22 17:00:47,360 INFO org.apache.juli.logging.DirectJDKLog [main] Starting ProtocolHandler ["http-nio-8080"]
2022-06-22 17:00:47,382 INFO org.springframework.boot.web.embedded.tomcat.TomcatWebServer [main] Tomcat started on port(s): 8080 (http) with context path '/api'
2022-06-22 17:00:47,387 INFO org.springframework.boot.StartupInfoLogger [main] Started PizzaProjectApplication in 2.659 seconds (JVM running for 3.051)
2022-06-22 17:01:23,926 INFO org.springframework.orm.jpa.AbstractEntityManagerFactoryBean [SpringApplicationShutdownHook] Closing JPA EntityManagerFactory for persistence unit 'default'
2022-06-22 17:01:23,926 INFO com.zaxxer.hikari.HikariDataSource [SpringApplicationShutdownHook] HikariPool-1 - Shutdown initiated...
2022-06-22 17:01:23,926 INFO com.zaxxer.hikari.HikariDataSource [SpringApplicationShutdownHook] HikariPool-1 - Shutdown completed.
2022-06-22 17:05:20,030 INFO org.springframework.boot.StartupInfoLogger [main] Starting PizzaProjectApplication using Java 17.0.3.1 on EN1311638 with PID 15376 (C:\Users\geniculae\Documents\Projects\PizzaProject\target\classes started by geniculae in C:\Users\geniculae\Documents\Projects\PizzaProject)
2022-06-22 17:05:20,032 INFO org.springframework.boot.SpringApplication [main] No active profile set, falling back to 1 default profile: "default"
2022-06-22 17:05:20,506 INFO org.springframework.data.repository.config.RepositoryConfigurationDelegate [main] Bootstrapping Spring Data JPA repositories in DEFAULT mode.
2022-06-22 17:05:20,569 INFO org.springframework.data.repository.config.RepositoryConfigurationDelegate [main] Finished Spring Data repository scanning in 58 ms. Found 10 JPA repository interfaces.
2022-06-22 17:05:20,803 INFO org.springframework.boot.web.embedded.tomcat.TomcatWebServer [main] Tomcat initialized with port(s): 8080 (http)
2022-06-22 17:05:20,807 INFO org.apache.juli.logging.DirectJDKLog [main] Initializing ProtocolHandler ["http-nio-8080"]
2022-06-22 17:05:20,808 INFO org.apache.juli.logging.DirectJDKLog [main] Starting service [Tomcat]
2022-06-22 17:05:20,808 INFO org.apache.juli.logging.DirectJDKLog [main] Starting Servlet engine: [Apache Tomcat/9.0.63]
2022-06-22 17:05:20,889 INFO org.apache.juli.logging.DirectJDKLog [main] Initializing Spring embedded WebApplicationContext
2022-06-22 17:05:20,889 INFO org.springframework.boot.web.servlet.context.ServletWebServerApplicationContext [main] Root WebApplicationContext: initialization completed in 835 ms
2022-06-22 17:05:21,007 INFO com.zaxxer.hikari.HikariDataSource [main] HikariPool-1 - Starting...
2022-06-22 17:05:21,143 INFO com.zaxxer.hikari.HikariDataSource [main] HikariPool-1 - Start completed.
2022-06-22 17:05:21,267 INFO liquibase.logging.core.JavaLogger [main] Successfully acquired change log lock
2022-06-22 17:05:21,517 INFO liquibase.logging.core.JavaLogger [main] Reading from pizza_project.DATABASECHANGELOG
2022-06-22 17:05:21,585 INFO liquibase.logging.core.JavaLogger [main] Successfully released change log lock
2022-06-22 17:05:22,052 INFO org.springframework.orm.jpa.AbstractEntityManagerFactoryBean [main] Initialized JPA EntityManagerFactory for persistence unit 'default'
2022-06-22 17:05:22,421 WARN org.springframework.boot.autoconfigure.orm.jpa.JpaBaseConfiguration$JpaWebConfiguration [main] spring.jpa.open-in-view is enabled by default. Therefore, database queries may be performed during view rendering. Explicitly configure spring.jpa.open-in-view to disable this warning
2022-06-22 17:05:22,481 DEBUG org.springframework.web.servlet.mvc.method.annotation.RequestMappingHandlerAdapter [main] ControllerAdvice beans: 0 @ModelAttribute, 0 @InitBinder, 1 RequestBodyAdvice, 1 ResponseBodyAdvice
2022-06-22 17:05:22,527 DEBUG org.springframework.web.servlet.handler.AbstractHandlerMethodMapping [main] 53 mappings in 'requestMappingHandlerMapping'
2022-06-22 17:05:22,537 DEBUG org.springframework.web.servlet.handler.SimpleUrlHandlerMapping [main] Patterns [/webjars/**, /**] in 'resourceHandlerMapping'
2022-06-22 17:05:22,542 DEBUG org.springframework.web.servlet.mvc.method.annotation.ExceptionHandlerExceptionResolver [main] ControllerAdvice beans: 1 @ExceptionHandler, 1 ResponseBodyAdvice
2022-06-22 17:05:22,586 INFO org.apache.juli.logging.DirectJDKLog [main] Starting ProtocolHandler ["http-nio-8080"]
2022-06-22 17:05:22,598 INFO org.springframework.boot.web.embedded.tomcat.TomcatWebServer [main] Tomcat started on port(s): 8080 (http) with context path '/api'
2022-06-22 17:05:22,603 INFO org.springframework.boot.StartupInfoLogger [main] Started PizzaProjectApplication in 2.789 seconds (JVM running for 3.221)
2022-06-22 17:07:21,119 INFO org.springframework.orm.jpa.AbstractEntityManagerFactoryBean [SpringApplicationShutdownHook] Closing JPA EntityManagerFactory for persistence unit 'default'
2022-06-22 17:07:21,119 INFO com.zaxxer.hikari.HikariDataSource [SpringApplicationShutdownHook] HikariPool-1 - Shutdown initiated...
2022-06-22 17:07:21,119 INFO com.zaxxer.hikari.HikariDataSource [SpringApplicationShutdownHook] HikariPool-1 - Shutdown completed.
2022-06-22 17:07:24,188 INFO org.springframework.boot.StartupInfoLogger [main] Starting PizzaProjectApplication using Java 17.0.3.1 on EN1311638 with PID 28008 (C:\Users\geniculae\Documents\Projects\PizzaProject\target\classes started by geniculae in C:\Users\geniculae\Documents\Projects\PizzaProject)
2022-06-22 17:07:24,188 INFO org.springframework.boot.SpringApplication [main] No active profile set, falling back to 1 default profile: "default"
2022-06-22 17:07:24,533 INFO org.springframework.data.repository.config.RepositoryConfigurationDelegate [main] Bootstrapping Spring Data JPA repositories in DEFAULT mode.
2022-06-22 17:07:24,601 INFO org.springframework.data.repository.config.RepositoryConfigurationDelegate [main] Finished Spring Data repository scanning in 54 ms. Found 10 JPA repository interfaces.
2022-06-22 17:07:24,824 INFO org.springframework.boot.web.embedded.tomcat.TomcatWebServer [main] Tomcat initialized with port(s): 8080 (http)
2022-06-22 17:07:24,828 INFO org.apache.juli.logging.DirectJDKLog [main] Initializing ProtocolHandler ["http-nio-8080"]
2022-06-22 17:07:24,829 INFO org.apache.juli.logging.DirectJDKLog [main] Starting service [Tomcat]
2022-06-22 17:07:24,829 INFO org.apache.juli.logging.DirectJDKLog [main] Starting Servlet engine: [Apache Tomcat/9.0.63]
2022-06-22 17:07:24,900 INFO org.apache.juli.logging.DirectJDKLog [main] Initializing Spring embedded WebApplicationContext
2022-06-22 17:07:24,900 INFO org.springframework.boot.web.servlet.context.ServletWebServerApplicationContext [main] Root WebApplicationContext: initialization completed in 701 ms
2022-06-22 17:07:25,024 INFO com.zaxxer.hikari.HikariDataSource [main] HikariPool-1 - Starting...
2022-06-22 17:07:25,147 INFO com.zaxxer.hikari.HikariDataSource [main] HikariPool-1 - Start completed.
2022-06-22 17:07:25,282 INFO liquibase.logging.core.JavaLogger [main] Successfully acquired change log lock
2022-06-22 17:07:25,520 INFO liquibase.logging.core.JavaLogger [main] Reading from pizza_project.DATABASECHANGELOG
2022-06-22 17:07:25,597 INFO liquibase.logging.core.JavaLogger [main] Successfully released change log lock
2022-06-22 17:07:26,044 INFO org.springframework.orm.jpa.AbstractEntityManagerFactoryBean [main] Initialized JPA EntityManagerFactory for persistence unit 'default'
2022-06-22 17:07:26,399 WARN org.springframework.boot.autoconfigure.orm.jpa.JpaBaseConfiguration$JpaWebConfiguration [main] spring.jpa.open-in-view is enabled by default. Therefore, database queries may be performed during view rendering. Explicitly configure spring.jpa.open-in-view to disable this warning
2022-06-22 17:07:26,464 DEBUG org.springframework.web.servlet.mvc.method.annotation.RequestMappingHandlerAdapter [main] ControllerAdvice beans: 0 @ModelAttribute, 0 @InitBinder, 1 RequestBodyAdvice, 1 ResponseBodyAdvice
2022-06-22 17:07:26,502 DEBUG org.springframework.web.servlet.handler.AbstractHandlerMethodMapping [main] 53 mappings in 'requestMappingHandlerMapping'
2022-06-22 17:07:26,502 DEBUG org.springframework.web.servlet.handler.SimpleUrlHandlerMapping [main] Patterns [/webjars/**, /**] in 'resourceHandlerMapping'
2022-06-22 17:07:26,517 DEBUG org.springframework.web.servlet.mvc.method.annotation.ExceptionHandlerExceptionResolver [main] ControllerAdvice beans: 1 @ExceptionHandler, 1 ResponseBodyAdvice
2022-06-22 17:07:26,548 INFO org.apache.juli.logging.DirectJDKLog [main] Starting ProtocolHandler ["http-nio-8080"]
2022-06-22 17:07:26,564 INFO org.springframework.boot.web.embedded.tomcat.TomcatWebServer [main] Tomcat started on port(s): 8080 (http) with context path '/api'
2022-06-22 17:07:26,580 INFO org.springframework.boot.StartupInfoLogger [main] Started PizzaProjectApplication in 2.613 seconds (JVM running for 3.013)
2022-06-22 17:08:56,554 INFO org.springframework.orm.jpa.AbstractEntityManagerFactoryBean [SpringApplicationShutdownHook] Closing JPA EntityManagerFactory for persistence unit 'default'
2022-06-22 17:08:56,555 INFO com.zaxxer.hikari.HikariDataSource [SpringApplicationShutdownHook] HikariPool-1 - Shutdown initiated...
2022-06-22 17:08:56,560 INFO com.zaxxer.hikari.HikariDataSource [SpringApplicationShutdownHook] HikariPool-1 - Shutdown completed.
2022-06-22 17:08:58,557 INFO org.springframework.boot.StartupInfoLogger [main] Starting PizzaProjectApplication using Java 17.0.3.1 on EN1311638 with PID 19788 (C:\Users\geniculae\Documents\Projects\PizzaProject\target\classes started by geniculae in C:\Users\geniculae\Documents\Projects\PizzaProject)
2022-06-22 17:08:58,558 INFO org.springframework.boot.SpringApplication [main] No active profile set, falling back to 1 default profile: "default"
2022-06-22 17:08:58,899 INFO org.springframework.data.repository.config.RepositoryConfigurationDelegate [main] Bootstrapping Spring Data JPA repositories in DEFAULT mode.
2022-06-22 17:08:58,950 INFO org.springframework.data.repository.config.RepositoryConfigurationDelegate [main] Finished Spring Data repository scanning in 52 ms. Found 10 JPA repository interfaces.
2022-06-22 17:08:59,165 INFO org.springframework.boot.web.embedded.tomcat.TomcatWebServer [main] Tomcat initialized with port(s): 8080 (http)
2022-06-22 17:08:59,184 INFO org.apache.juli.logging.DirectJDKLog [main] Initializing ProtocolHandler ["http-nio-8080"]
2022-06-22 17:08:59,185 INFO org.apache.juli.logging.DirectJDKLog [main] Starting service [Tomcat]
2022-06-22 17:08:59,185 INFO org.apache.juli.logging.DirectJDKLog [main] Starting Servlet engine: [Apache Tomcat/9.0.63]
2022-06-22 17:08:59,270 INFO org.apache.juli.logging.DirectJDKLog [main] Initializing Spring embedded WebApplicationContext
2022-06-22 17:08:59,270 INFO org.springframework.boot.web.servlet.context.ServletWebServerApplicationContext [main] Root WebApplicationContext: initialization completed in 690 ms
2022-06-22 17:08:59,379 INFO com.zaxxer.hikari.HikariDataSource [main] HikariPool-1 - Starting...
2022-06-22 17:08:59,499 INFO com.zaxxer.hikari.HikariDataSource [main] HikariPool-1 - Start completed.
2022-06-22 17:08:59,631 INFO liquibase.logging.core.JavaLogger [main] Successfully acquired change log lock
2022-06-22 17:08:59,881 INFO liquibase.logging.core.JavaLogger [main] Reading from pizza_project.DATABASECHANGELOG
2022-06-22 17:08:59,949 INFO liquibase.logging.core.JavaLogger [main] Successfully released change log lock
2022-06-22 17:09:00,444 INFO org.springframework.orm.jpa.AbstractEntityManagerFactoryBean [main] Initialized JPA EntityManagerFactory for persistence unit 'default'
2022-06-22 17:09:00,799 WARN org.springframework.boot.autoconfigure.orm.jpa.JpaBaseConfiguration$JpaWebConfiguration [main] spring.jpa.open-in-view is enabled by default. Therefore, database queries may be performed during view rendering. Explicitly configure spring.jpa.open-in-view to disable this warning
2022-06-22 17:09:00,866 DEBUG org.springframework.web.servlet.mvc.method.annotation.RequestMappingHandlerAdapter [main] ControllerAdvice beans: 0 @ModelAttribute, 0 @InitBinder, 1 RequestBodyAdvice, 1 ResponseBodyAdvice
2022-06-22 17:09:00,901 DEBUG org.springframework.web.servlet.handler.AbstractHandlerMethodMapping [main] 53 mappings in 'requestMappingHandlerMapping'
2022-06-22 17:09:00,917 DEBUG org.springframework.web.servlet.handler.SimpleUrlHandlerMapping [main] Patterns [/webjars/**, /**] in 'resourceHandlerMapping'
2022-06-22 17:09:00,917 DEBUG org.springframework.web.servlet.mvc.method.annotation.ExceptionHandlerExceptionResolver [main] ControllerAdvice beans: 1 @ExceptionHandler, 1 ResponseBodyAdvice
2022-06-22 17:09:00,968 INFO org.apache.juli.logging.DirectJDKLog [main] Starting ProtocolHandler ["http-nio-8080"]
2022-06-22 17:09:00,968 INFO org.springframework.boot.web.embedded.tomcat.TomcatWebServer [main] Tomcat started on port(s): 8080 (http) with context path '/api'
2022-06-22 17:09:00,984 INFO org.springframework.boot.StartupInfoLogger [main] Started PizzaProjectApplication in 2.64 seconds (JVM running for 3.039)
